<?xml version="1.0" encoding="UTF-8"?>
<!-- Generated by org.testng.reporters.JUnitReportReporter -->
<testsuite hostname="NaveenSinguru" failures="0" tests="1" name="com.practice.AppTest" time="0.008" errors="0" timestamp="2025-08-19T12:31:46 IST" skipped="0">
  <testcase classname="com.practice.AppTest" name="TestGreet" time="0.008"/>
  <system-out/>
</testsuite> <!-- com.practice.AppTest -->
